2025-06-25 07:07:27,938 - INFO - 
--- sample\a Segment 1 center coordinates {'x' 220, 'y' 280}.png §Œ”ãÀ„È_ º ---
2025-06-25 07:07:27,940 - INFO - Loaded roof mask from 'sample\a Segment 1 center coordinates {'x' 220, 'y' 280}.png', size: (400, 500)
2025-06-25 07:07:27,940 - INFO -   Œ›∏˘√Ê∑e: 111.44 m^2
2025-06-25 07:07:27,940 - INFO -   ”–Ñø√Ê∑e: 90.54 m^2 (•™•’•ª•√•»: 0.3m)
2025-06-25 07:07:27,940 - INFO -   - •—•Õ•Î: Sharp_NQ-256AF (1.318m x 0.99m)
2025-06-25 07:07:27,940 - INFO -     - √Ê∑e•Ÿ©`•π§Œ∏≈À„: 69 √∂
2025-06-25 07:07:28,188 - INFO -     - ≈‰÷√•∑•ﬂ•Â•Ï©`•∑•Á•Û: 52 √∂ (øk:50, ∫·:52)
2025-06-25 07:07:28,188 - INFO -   - •—•Õ•Î: Standard_A (1.65m x 0.99m)
2025-06-25 07:07:28,188 - INFO -     - √Ê∑e•Ÿ©`•π§Œ∏≈À„: 55 √∂
2025-06-25 07:07:28,498 - INFO -     - ≈‰÷√•∑•ﬂ•Â•Ï©`•∑•Á•Û: 39 √∂ (øk:39, ∫·:39)
2025-06-25 07:07:28,498 - INFO -   - •—•Õ•Î: Standard_B (1.5m x 0.8m)
2025-06-25 07:07:28,498 - INFO -     - √Ê∑e•Ÿ©`•π§Œ∏≈À„: 75 √∂
2025-06-25 07:07:28,758 - INFO -     - ≈‰÷√•∑•ﬂ•Â•Ï©`•∑•Á•Û: 54 √∂ (øk:49, ∫·:54)
2025-06-25 07:07:28,759 - INFO - Saved result image to 'result_sample_a_Segment_1_center_coordinates_x_220,_y_280.png_Standard_B.png'
2025-06-25 07:07:28,759 - INFO - --- sample\a Segment 1 center coordinates {'x' 220, 'y' 280}.png §Œ”ãÀ„ΩK¡À ---
2025-06-25 07:07:28,759 - INFO - 
--- sample\a Segment 2 center coordinates {'x' 246, 'y' 315}.png §Œ”ãÀ„È_ º ---
2025-06-25 07:07:28,759 - INFO - Loaded roof mask from 'sample\a Segment 2 center coordinates {'x' 246, 'y' 315}.png', size: (400, 500)
2025-06-25 07:07:28,760 - INFO -   Œ›∏˘√Ê∑e: 99.22 m^2
2025-06-25 07:07:28,760 - INFO -   ”–Ñø√Ê∑e: 81.09 m^2 (•™•’•ª•√•»: 0.3m)
2025-06-25 07:07:28,760 - INFO -   - •—•Õ•Î: Sharp_NQ-256AF (1.318m x 0.99m)
2025-06-25 07:07:28,760 - INFO -     - √Ê∑e•Ÿ©`•π§Œ∏≈À„: 62 √∂
2025-06-25 07:07:28,996 - INFO -     - ≈‰÷√•∑•ﬂ•Â•Ï©`•∑•Á•Û: 41 √∂ (øk:41, ∫·:41)
2025-06-25 07:07:28,996 - INFO -   - •—•Õ•Î: Standard_A (1.65m x 0.99m)
2025-06-25 07:07:28,996 - INFO -     - √Ê∑e•Ÿ©`•π§Œ∏≈À„: 49 √∂
2025-06-25 07:07:29,293 - INFO -     - ≈‰÷√•∑•ﬂ•Â•Ï©`•∑•Á•Û: 32 √∂ (øk:32, ∫·:31)
2025-06-25 07:07:29,293 - INFO -   - •—•Õ•Î: Standard_B (1.5m x 0.8m)
2025-06-25 07:07:29,293 - INFO -     - √Ê∑e•Ÿ©`•π§Œ∏≈À„: 67 √∂
2025-06-25 07:07:29,542 - INFO -     - ≈‰÷√•∑•ﬂ•Â•Ï©`•∑•Á•Û: 45 √∂ (øk:45, ∫·:43)
2025-06-25 07:07:29,543 - INFO - Saved result image to 'result_sample_a_Segment_2_center_coordinates_x_246,_y_315.png_Standard_B.png'
2025-06-25 07:07:29,543 - INFO - --- sample\a Segment 2 center coordinates {'x' 246, 'y' 315}.png §Œ”ãÀ„ΩK¡À ---
2025-06-25 07:07:29,543 - INFO - 
--- sample\a Segment 3 center coordinates {'x' 278, 'y' 292}.png §Œ”ãÀ„È_ º ---
2025-06-25 07:07:29,543 - INFO - Loaded roof mask from 'sample\a Segment 3 center coordinates {'x' 278, 'y' 292}.png', size: (400, 500)
2025-06-25 07:07:29,544 - INFO -   Œ›∏˘√Ê∑e: 72.30 m^2
2025-06-25 07:07:29,544 - INFO -   ”–Ñø√Ê∑e: 56.26 m^2 (•™•’•ª•√•»: 0.3m)
2025-06-25 07:07:29,544 - INFO -   - •—•Õ•Î: Sharp_NQ-256AF (1.318m x 0.99m)
2025-06-25 07:07:29,544 - INFO -     - √Ê∑e•Ÿ©`•π§Œ∏≈À„: 43 √∂
2025-06-25 07:07:29,752 - INFO -     - ≈‰÷√•∑•ﬂ•Â•Ï©`•∑•Á•Û: 26 √∂ (øk:26, ∫·:25)
2025-06-25 07:07:29,752 - INFO -   - •—•Õ•Î: Standard_A (1.65m x 0.99m)
2025-06-25 07:07:29,752 - INFO -     - √Ê∑e•Ÿ©`•π§Œ∏≈À„: 34 √∂
2025-06-25 07:07:30,028 - INFO -     - ≈‰÷√•∑•ﬂ•Â•Ï©`•∑•Á•Û: 21 √∂ (øk:21, ∫·:20)
2025-06-25 07:07:30,028 - INFO -   - •—•Õ•Î: Standard_B (1.5m x 0.8m)
2025-06-25 07:07:30,028 - INFO -     - √Ê∑e•Ÿ©`•π§Œ∏≈À„: 46 √∂
2025-06-25 07:07:30,255 - INFO -     - ≈‰÷√•∑•ﬂ•Â•Ï©`•∑•Á•Û: 29 √∂ (øk:29, ∫·:28)
2025-06-25 07:07:30,257 - INFO - Saved result image to 'result_sample_a_Segment_3_center_coordinates_x_278,_y_292.png_Standard_B.png'
2025-06-25 07:07:30,258 - INFO - --- sample\a Segment 3 center coordinates {'x' 278, 'y' 292}.png §Œ”ãÀ„ΩK¡À ---
2025-06-25 07:07:30,258 - INFO - 
--- sample\a Segment 4 center coordinates {'x' 253, 'y' 262}.png §Œ”ãÀ„È_ º ---
2025-06-25 07:07:30,258 - INFO - Loaded roof mask from 'sample\a Segment 4 center coordinates {'x' 253, 'y' 262}.png', size: (400, 500)
2025-06-25 07:07:30,258 - INFO -   Œ›∏˘√Ê∑e: 94.35 m^2
2025-06-25 07:07:30,259 - INFO -   ”–Ñø√Ê∑e: 75.43 m^2 (•™•’•ª•√•»: 0.3m)
2025-06-25 07:07:30,259 - INFO -   - •—•Õ•Î: Sharp_NQ-256AF (1.318m x 0.99m)
2025-06-25 07:07:30,259 - INFO -     - √Ê∑e•Ÿ©`•π§Œ∏≈À„: 57 √∂
2025-06-25 07:07:30,494 - INFO -     - ≈‰÷√•∑•ﬂ•Â•Ï©`•∑•Á•Û: 41 √∂ (øk:37, ∫·:41)
2025-06-25 07:07:30,494 - INFO -   - •—•Õ•Î: Standard_A (1.65m x 0.99m)
2025-06-25 07:07:30,495 - INFO -     - √Ê∑e•Ÿ©`•π§Œ∏≈À„: 46 √∂
2025-06-25 07:07:30,793 - INFO -     - ≈‰÷√•∑•ﬂ•Â•Ï©`•∑•Á•Û: 31 √∂ (øk:31, ∫·:30)
2025-06-25 07:07:30,793 - INFO -   - •—•Õ•Î: Standard_B (1.5m x 0.8m)
2025-06-25 07:07:30,793 - INFO -     - √Ê∑e•Ÿ©`•π§Œ∏≈À„: 62 √∂
2025-06-25 07:07:31,048 - INFO -     - ≈‰÷√•∑•ﬂ•Â•Ï©`•∑•Á•Û: 43 √∂ (øk:43, ∫·:43)
2025-06-25 07:07:31,049 - INFO - Saved result image to 'result_sample_a_Segment_4_center_coordinates_x_253,_y_262.png_Standard_B.png'
2025-06-25 07:07:31,050 - INFO - --- sample\a Segment 4 center coordinates {'x' 253, 'y' 262}.png §Œ”ãÀ„ΩK¡À ---
2025-06-25 07:07:31,050 - INFO - 
--- sample\a full.png §Œ”ãÀ„È_ º ---
2025-06-25 07:07:31,052 - INFO - Loaded roof mask from 'sample\a full.png', size: (400, 500)
2025-06-25 07:07:31,053 - INFO -   Œ›∏˘√Ê∑e: 178.26 m^2
2025-06-25 07:07:31,053 - INFO -   ”–Ñø√Ê∑e: 50.07 m^2 (•™•’•ª•√•»: 0.3m)
2025-06-25 07:07:31,053 - INFO -   - •—•Õ•Î: Sharp_NQ-256AF (1.318m x 0.99m)
2025-06-25 07:07:31,053 - INFO -     - √Ê∑e•Ÿ©`•π§Œ∏≈À„: 38 √∂
2025-06-25 07:07:31,227 - INFO -     - ≈‰÷√•∑•ﬂ•Â•Ï©`•∑•Á•Û: 7 √∂ (øk:7, ∫·:7)
2025-06-25 07:07:31,227 - INFO -   - •—•Õ•Î: Standard_A (1.65m x 0.99m)
2025-06-25 07:07:31,227 - INFO -     - √Ê∑e•Ÿ©`•π§Œ∏≈À„: 30 √∂
2025-06-25 07:07:31,464 - INFO -     - ≈‰÷√•∑•ﬂ•Â•Ï©`•∑•Á•Û: 6 √∂ (øk:3, ∫·:6)
2025-06-25 07:07:31,464 - INFO -   - •—•Õ•Î: Standard_B (1.5m x 0.8m)
2025-06-25 07:07:31,464 - INFO -     - √Ê∑e•Ÿ©`•π§Œ∏≈À„: 41 √∂
2025-06-25 07:07:31,648 - INFO -     - ≈‰÷√•∑•ﬂ•Â•Ï©`•∑•Á•Û: 10 √∂ (øk:10, ∫·:7)
2025-06-25 07:07:31,650 - INFO - Saved result image to 'result_sample_a_full.png_Standard_B.png'
2025-06-25 07:07:31,651 - INFO - --- sample\a full.png §Œ”ãÀ„ΩK¡À ---
2025-06-25 07:07:31,651 - INFO - 
--- sample\b Segment 1 center coordinates {'x' 494, 'y' 464}.png §Œ”ãÀ„È_ º ---
2025-06-25 07:07:31,651 - INFO - Loaded roof mask from 'sample\b Segment 1 center coordinates {'x' 494, 'y' 464}.png', size: (400, 500)
2025-06-25 07:07:31,651 - INFO -   Œ›∏˘√Ê∑e: 89.59 m^2
2025-06-25 07:07:31,651 - INFO -   ”–Ñø√Ê∑e: 71.84 m^2 (•™•’•ª•√•»: 0.3m)
2025-06-25 07:07:31,651 - INFO -   - •—•Õ•Î: Sharp_NQ-256AF (1.318m x 0.99m)
2025-06-25 07:07:31,651 - INFO -     - √Ê∑e•Ÿ©`•π§Œ∏≈À„: 55 √∂
2025-06-25 07:07:31,876 - INFO -     - ≈‰÷√•∑•ﬂ•Â•Ï©`•∑•Á•Û: 36 √∂ (øk:36, ∫·:32)
2025-06-25 07:07:31,876 - INFO -   - •—•Õ•Î: Standard_A (1.65m x 0.99m)
2025-06-25 07:07:31,877 - INFO -     - √Ê∑e•Ÿ©`•π§Œ∏≈À„: 43 √∂
2025-06-25 07:07:32,163 - INFO -     - ≈‰÷√•∑•ﬂ•Â•Ï©`•∑•Á•Û: 28 √∂ (øk:24, ∫·:28)
2025-06-25 07:07:32,163 - INFO -   - •—•Õ•Î: Standard_B (1.5m x 0.8m)
2025-06-25 07:07:32,163 - INFO -     - √Ê∑e•Ÿ©`•π§Œ∏≈À„: 59 √∂
2025-06-25 07:07:32,407 - INFO -     - ≈‰÷√•∑•ﬂ•Â•Ï©`•∑•Á•Û: 40 √∂ (øk:35, ∫·:40)
2025-06-25 07:07:32,408 - INFO - Saved result image to 'result_sample_b_Segment_1_center_coordinates_x_494,_y_464.png_Standard_B.png'
2025-06-25 07:07:32,408 - INFO - --- sample\b Segment 1 center coordinates {'x' 494, 'y' 464}.png §Œ”ãÀ„ΩK¡À ---
2025-06-25 07:07:32,408 - INFO - 
--- sample\b Segment 2 center coordinates {'x' 481, 'y' 512}.png §Œ”ãÀ„È_ º ---
2025-06-25 07:07:32,409 - INFO - Loaded roof mask from 'sample\b Segment 2 center coordinates {'x' 481, 'y' 512}.png', size: (400, 500)
2025-06-25 07:07:32,409 - INFO -   Œ›∏˘√Ê∑e: 147.56 m^2
2025-06-25 07:07:32,409 - INFO -   ”–Ñø√Ê∑e: 122.02 m^2 (•™•’•ª•√•»: 0.3m)
2025-06-25 07:07:32,409 - INFO -   - •—•Õ•Î: Sharp_NQ-256AF (1.318m x 0.99m)
2025-06-25 07:07:32,409 - INFO -     - √Ê∑e•Ÿ©`•π§Œ∏≈À„: 93 √∂
2025-06-25 07:07:32,703 - INFO -     - ≈‰÷√•∑•ﬂ•Â•Ï©`•∑•Á•Û: 62 √∂ (øk:62, ∫·:59)
2025-06-25 07:07:32,703 - INFO -   - •—•Õ•Î: Standard_A (1.65m x 0.99m)
2025-06-25 07:07:32,703 - INFO -     - √Ê∑e•Ÿ©`•π§Œ∏≈À„: 74 √∂
2025-06-25 07:07:33,061 - INFO -     - ≈‰÷√•∑•ﬂ•Â•Ï©`•∑•Á•Û: 50 √∂ (øk:48, ∫·:50)
2025-06-25 07:07:33,061 - INFO -   - •—•Õ•Î: Standard_B (1.5m x 0.8m)
2025-06-25 07:07:33,061 - INFO -     - √Ê∑e•Ÿ©`•π§Œ∏≈À„: 101 √∂
2025-06-25 07:07:33,367 - INFO -     - ≈‰÷√•∑•ﬂ•Â•Ï©`•∑•Á•Û: 72 √∂ (øk:70, ∫·:72)
2025-06-25 07:07:33,368 - INFO - Saved result image to 'result_sample_b_Segment_2_center_coordinates_x_481,_y_512.png_Standard_B.png'
2025-06-25 07:07:33,368 - INFO - --- sample\b Segment 2 center coordinates {'x' 481, 'y' 512}.png §Œ”ãÀ„ΩK¡À ---
2025-06-25 07:07:33,368 - INFO - 
--- sample\b Segment 3 center coordinates {'x' 516, 'y' 507}.png §Œ”ãÀ„È_ º ---
2025-06-25 07:07:33,369 - INFO - Loaded roof mask from 'sample\b Segment 3 center coordinates {'x' 516, 'y' 507}.png', size: (400, 500)
2025-06-25 07:07:33,369 - INFO -   Œ›∏˘√Ê∑e: 147.50 m^2
2025-06-25 07:07:33,369 - INFO -   ”–Ñø√Ê∑e: 122.64 m^2 (•™•’•ª•√•»: 0.3m)
2025-06-25 07:07:33,369 - INFO -   - •—•Õ•Î: Sharp_NQ-256AF (1.318m x 0.99m)
2025-06-25 07:07:33,369 - INFO -     - √Ê∑e•Ÿ©`•π§Œ∏≈À„: 93 √∂
2025-06-25 07:07:33,663 - INFO -     - ≈‰÷√•∑•ﬂ•Â•Ï©`•∑•Á•Û: 66 √∂ (øk:65, ∫·:66)
2025-06-25 07:07:33,663 - INFO -   - •—•Õ•Î: Standard_A (1.65m x 0.99m)
2025-06-25 07:07:33,663 - INFO -     - √Ê∑e•Ÿ©`•π§Œ∏≈À„: 75 √∂
2025-06-25 07:07:34,022 - INFO -     - ≈‰÷√•∑•ﬂ•Â•Ï©`•∑•Á•Û: 55 √∂ (øk:50, ∫·:55)
2025-06-25 07:07:34,022 - INFO -   - •—•Õ•Î: Standard_B (1.5m x 0.8m)
2025-06-25 07:07:34,022 - INFO -     - √Ê∑e•Ÿ©`•π§Œ∏≈À„: 102 √∂
2025-06-25 07:07:34,330 - INFO -     - ≈‰÷√•∑•ﬂ•Â•Ï©`•∑•Á•Û: 73 √∂ (øk:71, ∫·:73)
2025-06-25 07:07:34,333 - INFO - Saved result image to 'result_sample_b_Segment_3_center_coordinates_x_516,_y_507.png_Standard_B.png'
2025-06-25 07:07:34,333 - INFO - --- sample\b Segment 3 center coordinates {'x' 516, 'y' 507}.png §Œ”ãÀ„ΩK¡À ---
2025-06-25 07:07:34,333 - INFO - 
--- sample\b full.png §Œ”ãÀ„È_ º ---
2025-06-25 07:07:34,336 - INFO - Loaded roof mask from 'sample\b full.png', size: (400, 500)
2025-06-25 07:07:34,336 - INFO -   Œ›∏˘√Ê∑e: 178.05 m^2
2025-06-25 07:07:34,336 - INFO -   ”–Ñø√Ê∑e: 50.07 m^2 (•™•’•ª•√•»: 0.3m)
2025-06-25 07:07:34,336 - INFO -   - •—•Õ•Î: Sharp_NQ-256AF (1.318m x 0.99m)
2025-06-25 07:07:34,336 - INFO -     - √Ê∑e•Ÿ©`•π§Œ∏≈À„: 38 √∂
2025-06-25 07:07:34,512 - INFO -     - ≈‰÷√•∑•ﬂ•Â•Ï©`•∑•Á•Û: 7 √∂ (øk:7, ∫·:7)
2025-06-25 07:07:34,512 - INFO -   - •—•Õ•Î: Standard_A (1.65m x 0.99m)
2025-06-25 07:07:34,512 - INFO -     - √Ê∑e•Ÿ©`•π§Œ∏≈À„: 30 √∂
2025-06-25 07:07:34,751 - INFO -     - ≈‰÷√•∑•ﬂ•Â•Ï©`•∑•Á•Û: 6 √∂ (øk:3, ∫·:6)
2025-06-25 07:07:34,751 - INFO -   - •—•Õ•Î: Standard_B (1.5m x 0.8m)
2025-06-25 07:07:34,751 - INFO -     - √Ê∑e•Ÿ©`•π§Œ∏≈À„: 41 √∂
2025-06-25 07:07:34,943 - INFO -     - ≈‰÷√•∑•ﬂ•Â•Ï©`•∑•Á•Û: 10 √∂ (øk:10, ∫·:7)
2025-06-25 07:07:34,945 - INFO - Saved result image to 'result_sample_b_full.png_Standard_B.png'
2025-06-25 07:07:34,945 - INFO - --- sample\b full.png §Œ”ãÀ„ΩK¡À ---
2025-06-25 07:07:34,946 - INFO - ΩYπ˚§Ú 'all_samples_results.csv' §À±£¥Ê§∑§ﬁ§∑§ø°£
